<?xml version="1.0" encoding="UTF-8"?>
<testsuite xmlns:xsi="http://www.w3.org/2001/XMLSchema-instance" xsi:noNamespaceSchemaLocation="https://maven.apache.org/surefire/maven-surefire-plugin/xsd/surefire-test-report-3.0.xsd" version="3.0" name="luis3000.msscbreweryclient.web.client.BreweryClientTest" time="2.026" tests="8" errors="8" skipped="0" failures="0">
  <properties>
    <property name="java.specification.version" value="18"/>
    <property name="sun.jnu.encoding" value="UTF-8"/>
    <property name="java.class.path" value="/Users/joseluiscastillo/Documents/Udemy/SpringBootMicroservicesWithSpringCloudAndDocker/Springframeworkguru/mssc-brewery-client/target/test-classes:/Users/joseluiscastillo/Documents/Udemy/SpringBootMicroservicesWithSpringCloudAndDocker/Springframeworkguru/mssc-brewery-client/target/classes:/Users/joseluiscastillo/.m2/repository/org/springframework/boot/spring-boot-starter-actuator/2.1.5.RELEASE/spring-boot-starter-actuator-2.1.5.RELEASE.jar:/Users/joseluiscastillo/.m2/repository/org/springframework/boot/spring-boot-starter/2.1.5.RELEASE/spring-boot-starter-2.1.5.RELEASE.jar:/Users/joseluiscastillo/.m2/repository/org/springframework/boot/spring-boot-starter-logging/2.1.5.RELEASE/spring-boot-starter-logging-2.1.5.RELEASE.jar:/Users/joseluiscastillo/.m2/repository/ch/qos/logback/logback-classic/1.2.3/logback-classic-1.2.3.jar:/Users/joseluiscastillo/.m2/repository/ch/qos/logback/logback-core/1.2.3/logback-core-1.2.3.jar:/Users/joseluiscastillo/.m2/repository/org/apache/logging/log4j/log4j-to-slf4j/2.11.2/log4j-to-slf4j-2.11.2.jar:/Users/joseluiscastillo/.m2/repository/org/apache/logging/log4j/log4j-api/2.11.2/log4j-api-2.11.2.jar:/Users/joseluiscastillo/.m2/repository/org/slf4j/jul-to-slf4j/1.7.26/jul-to-slf4j-1.7.26.jar:/Users/joseluiscastillo/.m2/repository/javax/annotation/javax.annotation-api/1.3.2/javax.annotation-api-1.3.2.jar:/Users/joseluiscastillo/.m2/repository/org/yaml/snakeyaml/1.23/snakeyaml-1.23.jar:/Users/joseluiscastillo/.m2/repository/org/springframework/boot/spring-boot-actuator-autoconfigure/2.1.5.RELEASE/spring-boot-actuator-autoconfigure-2.1.5.RELEASE.jar:/Users/joseluiscastillo/.m2/repository/org/springframework/boot/spring-boot-actuator/2.1.5.RELEASE/spring-boot-actuator-2.1.5.RELEASE.jar:/Users/joseluiscastillo/.m2/repository/com/fasterxml/jackson/core/jackson-databind/2.9.8/jackson-databind-2.9.8.jar:/Users/joseluiscastillo/.m2/repository/com/fasterxml/jackson/core/jackson-annotations/2.9.0/jackson-annotations-2.9.0.jar:/Users/joseluiscastillo/.m2/repository/com/fasterxml/jackson/core/jackson-core/2.9.8/jackson-core-2.9.8.jar:/Users/joseluiscastillo/.m2/repository/org/springframework/spring-context/5.1.7.RELEASE/spring-context-5.1.7.RELEASE.jar:/Users/joseluiscastillo/.m2/repository/com/fasterxml/jackson/datatype/jackson-datatype-jsr310/2.9.8/jackson-datatype-jsr310-2.9.8.jar:/Users/joseluiscastillo/.m2/repository/io/micrometer/micrometer-core/1.1.4/micrometer-core-1.1.4.jar:/Users/joseluiscastillo/.m2/repository/org/hdrhistogram/HdrHistogram/2.1.9/HdrHistogram-2.1.9.jar:/Users/joseluiscastillo/.m2/repository/org/latencyutils/LatencyUtils/2.0.3/LatencyUtils-2.0.3.jar:/Users/joseluiscastillo/.m2/repository/org/springframework/boot/spring-boot-starter-web/2.1.5.RELEASE/spring-boot-starter-web-2.1.5.RELEASE.jar:/Users/joseluiscastillo/.m2/repository/org/springframework/boot/spring-boot-starter-json/2.1.5.RELEASE/spring-boot-starter-json-2.1.5.RELEASE.jar:/Users/joseluiscastillo/.m2/repository/com/fasterxml/jackson/datatype/jackson-datatype-jdk8/2.9.8/jackson-datatype-jdk8-2.9.8.jar:/Users/joseluiscastillo/.m2/repository/com/fasterxml/jackson/module/jackson-module-parameter-names/2.9.8/jackson-module-parameter-names-2.9.8.jar:/Users/joseluiscastillo/.m2/repository/org/springframework/boot/spring-boot-starter-tomcat/2.1.5.RELEASE/spring-boot-starter-tomcat-2.1.5.RELEASE.jar:/Users/joseluiscastillo/.m2/repository/org/apache/tomcat/embed/tomcat-embed-core/9.0.19/tomcat-embed-core-9.0.19.jar:/Users/joseluiscastillo/.m2/repository/org/apache/tomcat/embed/tomcat-embed-el/9.0.19/tomcat-embed-el-9.0.19.jar:/Users/joseluiscastillo/.m2/repository/org/apache/tomcat/embed/tomcat-embed-websocket/9.0.19/tomcat-embed-websocket-9.0.19.jar:/Users/joseluiscastillo/.m2/repository/org/hibernate/validator/hibernate-validator/6.0.16.Final/hibernate-validator-6.0.16.Final.jar:/Users/joseluiscastillo/.m2/repository/javax/validation/validation-api/2.0.1.Final/validation-api-2.0.1.Final.jar:/Users/joseluiscastillo/.m2/repository/org/jboss/logging/jboss-logging/3.3.2.Final/jboss-logging-3.3.2.Final.jar:/Users/joseluiscastillo/.m2/repository/com/fasterxml/classmate/1.4.0/classmate-1.4.0.jar:/Users/joseluiscastillo/.m2/repository/org/springframework/spring-web/5.1.7.RELEASE/spring-web-5.1.7.RELEASE.jar:/Users/joseluiscastillo/.m2/repository/org/springframework/spring-beans/5.1.7.RELEASE/spring-beans-5.1.7.RELEASE.jar:/Users/joseluiscastillo/.m2/repository/org/springframework/spring-webmvc/5.1.7.RELEASE/spring-webmvc-5.1.7.RELEASE.jar:/Users/joseluiscastillo/.m2/repository/org/springframework/spring-aop/5.1.7.RELEASE/spring-aop-5.1.7.RELEASE.jar:/Users/joseluiscastillo/.m2/repository/org/springframework/spring-expression/5.1.7.RELEASE/spring-expression-5.1.7.RELEASE.jar:/Users/joseluiscastillo/.m2/repository/org/springframework/boot/spring-boot-devtools/2.1.5.RELEASE/spring-boot-devtools-2.1.5.RELEASE.jar:/Users/joseluiscastillo/.m2/repository/org/springframework/boot/spring-boot/2.1.5.RELEASE/spring-boot-2.1.5.RELEASE.jar:/Users/joseluiscastillo/.m2/repository/org/springframework/boot/spring-boot-autoconfigure/2.1.5.RELEASE/spring-boot-autoconfigure-2.1.5.RELEASE.jar:/Users/joseluiscastillo/.m2/repository/org/projectlombok/lombok/1.18.22/lombok-1.18.22.jar:/Users/joseluiscastillo/.m2/repository/org/apache/httpcomponents/httpasyncclient/4.1.4/httpasyncclient-4.1.4.jar:/Users/joseluiscastillo/.m2/repository/org/apache/httpcomponents/httpcore/4.4.11/httpcore-4.4.11.jar:/Users/joseluiscastillo/.m2/repository/org/apache/httpcomponents/httpcore-nio/4.4.11/httpcore-nio-4.4.11.jar:/Users/joseluiscastillo/.m2/repository/org/apache/httpcomponents/httpclient/4.5.8/httpclient-4.5.8.jar:/Users/joseluiscastillo/.m2/repository/commons-codec/commons-codec/1.11/commons-codec-1.11.jar:/Users/joseluiscastillo/.m2/repository/org/springframework/boot/spring-boot-starter-test/2.1.5.RELEASE/spring-boot-starter-test-2.1.5.RELEASE.jar:/Users/joseluiscastillo/.m2/repository/org/springframework/boot/spring-boot-test/2.1.5.RELEASE/spring-boot-test-2.1.5.RELEASE.jar:/Users/joseluiscastillo/.m2/repository/org/springframework/boot/spring-boot-test-autoconfigure/2.1.5.RELEASE/spring-boot-test-autoconfigure-2.1.5.RELEASE.jar:/Users/joseluiscastillo/.m2/repository/com/jayway/jsonpath/json-path/2.4.0/json-path-2.4.0.jar:/Users/joseluiscastillo/.m2/repository/net/minidev/json-smart/2.3/json-smart-2.3.jar:/Users/joseluiscastillo/.m2/repository/net/minidev/accessors-smart/1.2/accessors-smart-1.2.jar:/Users/joseluiscastillo/.m2/repository/org/ow2/asm/asm/5.0.4/asm-5.0.4.jar:/Users/joseluiscastillo/.m2/repository/org/assertj/assertj-core/3.11.1/assertj-core-3.11.1.jar:/Users/joseluiscastillo/.m2/repository/org/mockito/mockito-core/2.23.4/mockito-core-2.23.4.jar:/Users/joseluiscastillo/.m2/repository/net/bytebuddy/byte-buddy/1.9.12/byte-buddy-1.9.12.jar:/Users/joseluiscastillo/.m2/repository/net/bytebuddy/byte-buddy-agent/1.9.12/byte-buddy-agent-1.9.12.jar:/Users/joseluiscastillo/.m2/repository/org/objenesis/objenesis/2.6/objenesis-2.6.jar:/Users/joseluiscastillo/.m2/repository/org/hamcrest/hamcrest-core/1.3/hamcrest-core-1.3.jar:/Users/joseluiscastillo/.m2/repository/org/hamcrest/hamcrest-library/1.3/hamcrest-library-1.3.jar:/Users/joseluiscastillo/.m2/repository/org/skyscreamer/jsonassert/1.5.0/jsonassert-1.5.0.jar:/Users/joseluiscastillo/.m2/repository/com/vaadin/external/google/android-json/0.0.20131108.vaadin1/android-json-0.0.20131108.vaadin1.jar:/Users/joseluiscastillo/.m2/repository/org/springframework/spring-core/5.1.7.RELEASE/spring-core-5.1.7.RELEASE.jar:/Users/joseluiscastillo/.m2/repository/org/springframework/spring-jcl/5.1.7.RELEASE/spring-jcl-5.1.7.RELEASE.jar:/Users/joseluiscastillo/.m2/repository/org/springframework/spring-test/5.1.7.RELEASE/spring-test-5.1.7.RELEASE.jar:/Users/joseluiscastillo/.m2/repository/org/xmlunit/xmlunit-core/2.6.2/xmlunit-core-2.6.2.jar:/Users/joseluiscastillo/.m2/repository/org/junit/jupiter/junit-jupiter-api/5.3.2/junit-jupiter-api-5.3.2.jar:/Users/joseluiscastillo/.m2/repository/org/apiguardian/apiguardian-api/1.0.0/apiguardian-api-1.0.0.jar:/Users/joseluiscastillo/.m2/repository/org/opentest4j/opentest4j/1.1.1/opentest4j-1.1.1.jar:/Users/joseluiscastillo/.m2/repository/org/junit/platform/junit-platform-commons/1.3.2/junit-platform-commons-1.3.2.jar:/Users/joseluiscastillo/.m2/repository/org/junit/jupiter/junit-jupiter-engine/5.3.2/junit-jupiter-engine-5.3.2.jar:/Users/joseluiscastillo/.m2/repository/org/junit/platform/junit-platform-engine/1.3.2/junit-platform-engine-1.3.2.jar:/Users/joseluiscastillo/.m2/repository/org/mockito/mockito-junit-jupiter/2.23.4/mockito-junit-jupiter-2.23.4.jar:/Users/joseluiscastillo/.m2/repository/org/hibernate/hibernate-annotations/3.5.6-Final/hibernate-annotations-3.5.6-Final.jar:/Users/joseluiscastillo/.m2/repository/org/hibernate/hibernate-core/5.3.10.Final/hibernate-core-5.3.10.Final.jar:/Users/joseluiscastillo/.m2/repository/javax/persistence/javax.persistence-api/2.2/javax.persistence-api-2.2.jar:/Users/joseluiscastillo/.m2/repository/org/javassist/javassist/3.23.2-GA/javassist-3.23.2-GA.jar:/Users/joseluiscastillo/.m2/repository/antlr/antlr/2.7.7/antlr-2.7.7.jar:/Users/joseluiscastillo/.m2/repository/org/jboss/spec/javax/transaction/jboss-transaction-api_1.2_spec/1.1.1.Final/jboss-transaction-api_1.2_spec-1.1.1.Final.jar:/Users/joseluiscastillo/.m2/repository/org/jboss/jandex/2.0.5.Final/jandex-2.0.5.Final.jar:/Users/joseluiscastillo/.m2/repository/javax/activation/javax.activation-api/1.2.0/javax.activation-api-1.2.0.jar:/Users/joseluiscastillo/.m2/repository/org/dom4j/dom4j/2.1.1/dom4j-2.1.1.jar:/Users/joseluiscastillo/.m2/repository/org/hibernate/common/hibernate-commons-annotations/5.0.4.Final/hibernate-commons-annotations-5.0.4.Final.jar:/Users/joseluiscastillo/.m2/repository/org/hibernate/hibernate-commons-annotations/3.2.0.Final/hibernate-commons-annotations-3.2.0.Final.jar:/Users/joseluiscastillo/.m2/repository/org/hibernate/javax/persistence/hibernate-jpa-2.0-api/1.0.0.Final/hibernate-jpa-2.0-api-1.0.0.Final.jar:/Users/joseluiscastillo/.m2/repository/org/slf4j/slf4j-api/1.7.26/slf4j-api-1.7.26.jar:/Users/joseluiscastillo/.m2/repository/org/springframework/boot/spring-boot-starter-data-jpa/2.1.5.RELEASE/spring-boot-starter-data-jpa-2.1.5.RELEASE.jar:/Users/joseluiscastillo/.m2/repository/org/springframework/boot/spring-boot-starter-aop/2.1.5.RELEASE/spring-boot-starter-aop-2.1.5.RELEASE.jar:/Users/joseluiscastillo/.m2/repository/org/aspectj/aspectjweaver/1.9.4/aspectjweaver-1.9.4.jar:/Users/joseluiscastillo/.m2/repository/org/springframework/boot/spring-boot-starter-jdbc/2.1.5.RELEASE/spring-boot-starter-jdbc-2.1.5.RELEASE.jar:/Users/joseluiscastillo/.m2/repository/com/zaxxer/HikariCP/3.2.0/HikariCP-3.2.0.jar:/Users/joseluiscastillo/.m2/repository/org/springframework/spring-jdbc/5.1.7.RELEASE/spring-jdbc-5.1.7.RELEASE.jar:/Users/joseluiscastillo/.m2/repository/javax/transaction/javax.transaction-api/1.3/javax.transaction-api-1.3.jar:/Users/joseluiscastillo/.m2/repository/javax/xml/bind/jaxb-api/2.3.1/jaxb-api-2.3.1.jar:/Users/joseluiscastillo/.m2/repository/org/springframework/data/spring-data-jpa/2.1.8.RELEASE/spring-data-jpa-2.1.8.RELEASE.jar:/Users/joseluiscastillo/.m2/repository/org/springframework/data/spring-data-commons/2.1.8.RELEASE/spring-data-commons-2.1.8.RELEASE.jar:/Users/joseluiscastillo/.m2/repository/org/springframework/spring-orm/5.1.7.RELEASE/spring-orm-5.1.7.RELEASE.jar:/Users/joseluiscastillo/.m2/repository/org/springframework/spring-tx/5.1.7.RELEASE/spring-tx-5.1.7.RELEASE.jar:/Users/joseluiscastillo/.m2/repository/org/springframework/spring-aspects/5.1.7.RELEASE/spring-aspects-5.1.7.RELEASE.jar:/Users/joseluiscastillo/.m2/repository/org/springframework/restdocs/spring-restdocs-mockmvc/2.0.3.RELEASE/spring-restdocs-mockmvc-2.0.3.RELEASE.jar:/Users/joseluiscastillo/.m2/repository/javax/servlet/javax.servlet-api/4.0.1/javax.servlet-api-4.0.1.jar:/Users/joseluiscastillo/.m2/repository/org/springframework/restdocs/spring-restdocs-core/2.0.3.RELEASE/spring-restdocs-core-2.0.3.RELEASE.jar:"/>
    <property name="java.vm.vendor" value="Oracle Corporation"/>
    <property name="sun.arch.data.model" value="64"/>
    <property name="java.vendor.url" value="https://java.oracle.com/"/>
    <property name="os.name" value="Mac OS X"/>
    <property name="java.vm.specification.version" value="18"/>
    <property name="sun.java.launcher" value="SUN_STANDARD"/>
    <property name="user.country" value="US"/>
    <property name="sun.boot.library.path" value="/Users/joseluiscastillo/Library/Java/JavaVirtualMachines/openjdk-18.0.1.1/Contents/Home/lib"/>
    <property name="sun.java.command" value="/Users/joseluiscastillo/Documents/Udemy/SpringBootMicroservicesWithSpringCloudAndDocker/Springframeworkguru/mssc-brewery-client/target/surefire/surefirebooter10126230726945350346.jar /Users/joseluiscastillo/Documents/Udemy/SpringBootMicroservicesWithSpringCloudAndDocker/Springframeworkguru/mssc-brewery-client/target/surefire 2024-06-17T17-46-52_690-jvmRun1 surefire7526020216328129278tmp surefire_08614973437599313095tmp"/>
    <property name="http.nonProxyHosts" value="local|*.local|169.254/16|*.169.254/16"/>
    <property name="jdk.debug" value="release"/>
    <property name="surefire.test.class.path" value="/Users/joseluiscastillo/Documents/Udemy/SpringBootMicroservicesWithSpringCloudAndDocker/Springframeworkguru/mssc-brewery-client/target/test-classes:/Users/joseluiscastillo/Documents/Udemy/SpringBootMicroservicesWithSpringCloudAndDocker/Springframeworkguru/mssc-brewery-client/target/classes:/Users/joseluiscastillo/.m2/repository/org/springframework/boot/spring-boot-starter-actuator/2.1.5.RELEASE/spring-boot-starter-actuator-2.1.5.RELEASE.jar:/Users/joseluiscastillo/.m2/repository/org/springframework/boot/spring-boot-starter/2.1.5.RELEASE/spring-boot-starter-2.1.5.RELEASE.jar:/Users/joseluiscastillo/.m2/repository/org/springframework/boot/spring-boot-starter-logging/2.1.5.RELEASE/spring-boot-starter-logging-2.1.5.RELEASE.jar:/Users/joseluiscastillo/.m2/repository/ch/qos/logback/logback-classic/1.2.3/logback-classic-1.2.3.jar:/Users/joseluiscastillo/.m2/repository/ch/qos/logback/logback-core/1.2.3/logback-core-1.2.3.jar:/Users/joseluiscastillo/.m2/repository/org/apache/logging/log4j/log4j-to-slf4j/2.11.2/log4j-to-slf4j-2.11.2.jar:/Users/joseluiscastillo/.m2/repository/org/apache/logging/log4j/log4j-api/2.11.2/log4j-api-2.11.2.jar:/Users/joseluiscastillo/.m2/repository/org/slf4j/jul-to-slf4j/1.7.26/jul-to-slf4j-1.7.26.jar:/Users/joseluiscastillo/.m2/repository/javax/annotation/javax.annotation-api/1.3.2/javax.annotation-api-1.3.2.jar:/Users/joseluiscastillo/.m2/repository/org/yaml/snakeyaml/1.23/snakeyaml-1.23.jar:/Users/joseluiscastillo/.m2/repository/org/springframework/boot/spring-boot-actuator-autoconfigure/2.1.5.RELEASE/spring-boot-actuator-autoconfigure-2.1.5.RELEASE.jar:/Users/joseluiscastillo/.m2/repository/org/springframework/boot/spring-boot-actuator/2.1.5.RELEASE/spring-boot-actuator-2.1.5.RELEASE.jar:/Users/joseluiscastillo/.m2/repository/com/fasterxml/jackson/core/jackson-databind/2.9.8/jackson-databind-2.9.8.jar:/Users/joseluiscastillo/.m2/repository/com/fasterxml/jackson/core/jackson-annotations/2.9.0/jackson-annotations-2.9.0.jar:/Users/joseluiscastillo/.m2/repository/com/fasterxml/jackson/core/jackson-core/2.9.8/jackson-core-2.9.8.jar:/Users/joseluiscastillo/.m2/repository/org/springframework/spring-context/5.1.7.RELEASE/spring-context-5.1.7.RELEASE.jar:/Users/joseluiscastillo/.m2/repository/com/fasterxml/jackson/datatype/jackson-datatype-jsr310/2.9.8/jackson-datatype-jsr310-2.9.8.jar:/Users/joseluiscastillo/.m2/repository/io/micrometer/micrometer-core/1.1.4/micrometer-core-1.1.4.jar:/Users/joseluiscastillo/.m2/repository/org/hdrhistogram/HdrHistogram/2.1.9/HdrHistogram-2.1.9.jar:/Users/joseluiscastillo/.m2/repository/org/latencyutils/LatencyUtils/2.0.3/LatencyUtils-2.0.3.jar:/Users/joseluiscastillo/.m2/repository/org/springframework/boot/spring-boot-starter-web/2.1.5.RELEASE/spring-boot-starter-web-2.1.5.RELEASE.jar:/Users/joseluiscastillo/.m2/repository/org/springframework/boot/spring-boot-starter-json/2.1.5.RELEASE/spring-boot-starter-json-2.1.5.RELEASE.jar:/Users/joseluiscastillo/.m2/repository/com/fasterxml/jackson/datatype/jackson-datatype-jdk8/2.9.8/jackson-datatype-jdk8-2.9.8.jar:/Users/joseluiscastillo/.m2/repository/com/fasterxml/jackson/module/jackson-module-parameter-names/2.9.8/jackson-module-parameter-names-2.9.8.jar:/Users/joseluiscastillo/.m2/repository/org/springframework/boot/spring-boot-starter-tomcat/2.1.5.RELEASE/spring-boot-starter-tomcat-2.1.5.RELEASE.jar:/Users/joseluiscastillo/.m2/repository/org/apache/tomcat/embed/tomcat-embed-core/9.0.19/tomcat-embed-core-9.0.19.jar:/Users/joseluiscastillo/.m2/repository/org/apache/tomcat/embed/tomcat-embed-el/9.0.19/tomcat-embed-el-9.0.19.jar:/Users/joseluiscastillo/.m2/repository/org/apache/tomcat/embed/tomcat-embed-websocket/9.0.19/tomcat-embed-websocket-9.0.19.jar:/Users/joseluiscastillo/.m2/repository/org/hibernate/validator/hibernate-validator/6.0.16.Final/hibernate-validator-6.0.16.Final.jar:/Users/joseluiscastillo/.m2/repository/javax/validation/validation-api/2.0.1.Final/validation-api-2.0.1.Final.jar:/Users/joseluiscastillo/.m2/repository/org/jboss/logging/jboss-logging/3.3.2.Final/jboss-logging-3.3.2.Final.jar:/Users/joseluiscastillo/.m2/repository/com/fasterxml/classmate/1.4.0/classmate-1.4.0.jar:/Users/joseluiscastillo/.m2/repository/org/springframework/spring-web/5.1.7.RELEASE/spring-web-5.1.7.RELEASE.jar:/Users/joseluiscastillo/.m2/repository/org/springframework/spring-beans/5.1.7.RELEASE/spring-beans-5.1.7.RELEASE.jar:/Users/joseluiscastillo/.m2/repository/org/springframework/spring-webmvc/5.1.7.RELEASE/spring-webmvc-5.1.7.RELEASE.jar:/Users/joseluiscastillo/.m2/repository/org/springframework/spring-aop/5.1.7.RELEASE/spring-aop-5.1.7.RELEASE.jar:/Users/joseluiscastillo/.m2/repository/org/springframework/spring-expression/5.1.7.RELEASE/spring-expression-5.1.7.RELEASE.jar:/Users/joseluiscastillo/.m2/repository/org/springframework/boot/spring-boot-devtools/2.1.5.RELEASE/spring-boot-devtools-2.1.5.RELEASE.jar:/Users/joseluiscastillo/.m2/repository/org/springframework/boot/spring-boot/2.1.5.RELEASE/spring-boot-2.1.5.RELEASE.jar:/Users/joseluiscastillo/.m2/repository/org/springframework/boot/spring-boot-autoconfigure/2.1.5.RELEASE/spring-boot-autoconfigure-2.1.5.RELEASE.jar:/Users/joseluiscastillo/.m2/repository/org/projectlombok/lombok/1.18.22/lombok-1.18.22.jar:/Users/joseluiscastillo/.m2/repository/org/apache/httpcomponents/httpasyncclient/4.1.4/httpasyncclient-4.1.4.jar:/Users/joseluiscastillo/.m2/repository/org/apache/httpcomponents/httpcore/4.4.11/httpcore-4.4.11.jar:/Users/joseluiscastillo/.m2/repository/org/apache/httpcomponents/httpcore-nio/4.4.11/httpcore-nio-4.4.11.jar:/Users/joseluiscastillo/.m2/repository/org/apache/httpcomponents/httpclient/4.5.8/httpclient-4.5.8.jar:/Users/joseluiscastillo/.m2/repository/commons-codec/commons-codec/1.11/commons-codec-1.11.jar:/Users/joseluiscastillo/.m2/repository/org/springframework/boot/spring-boot-starter-test/2.1.5.RELEASE/spring-boot-starter-test-2.1.5.RELEASE.jar:/Users/joseluiscastillo/.m2/repository/org/springframework/boot/spring-boot-test/2.1.5.RELEASE/spring-boot-test-2.1.5.RELEASE.jar:/Users/joseluiscastillo/.m2/repository/org/springframework/boot/spring-boot-test-autoconfigure/2.1.5.RELEASE/spring-boot-test-autoconfigure-2.1.5.RELEASE.jar:/Users/joseluiscastillo/.m2/repository/com/jayway/jsonpath/json-path/2.4.0/json-path-2.4.0.jar:/Users/joseluiscastillo/.m2/repository/net/minidev/json-smart/2.3/json-smart-2.3.jar:/Users/joseluiscastillo/.m2/repository/net/minidev/accessors-smart/1.2/accessors-smart-1.2.jar:/Users/joseluiscastillo/.m2/repository/org/ow2/asm/asm/5.0.4/asm-5.0.4.jar:/Users/joseluiscastillo/.m2/repository/org/assertj/assertj-core/3.11.1/assertj-core-3.11.1.jar:/Users/joseluiscastillo/.m2/repository/org/mockito/mockito-core/2.23.4/mockito-core-2.23.4.jar:/Users/joseluiscastillo/.m2/repository/net/bytebuddy/byte-buddy/1.9.12/byte-buddy-1.9.12.jar:/Users/joseluiscastillo/.m2/repository/net/bytebuddy/byte-buddy-agent/1.9.12/byte-buddy-agent-1.9.12.jar:/Users/joseluiscastillo/.m2/repository/org/objenesis/objenesis/2.6/objenesis-2.6.jar:/Users/joseluiscastillo/.m2/repository/org/hamcrest/hamcrest-core/1.3/hamcrest-core-1.3.jar:/Users/joseluiscastillo/.m2/repository/org/hamcrest/hamcrest-library/1.3/hamcrest-library-1.3.jar:/Users/joseluiscastillo/.m2/repository/org/skyscreamer/jsonassert/1.5.0/jsonassert-1.5.0.jar:/Users/joseluiscastillo/.m2/repository/com/vaadin/external/google/android-json/0.0.20131108.vaadin1/android-json-0.0.20131108.vaadin1.jar:/Users/joseluiscastillo/.m2/repository/org/springframework/spring-core/5.1.7.RELEASE/spring-core-5.1.7.RELEASE.jar:/Users/joseluiscastillo/.m2/repository/org/springframework/spring-jcl/5.1.7.RELEASE/spring-jcl-5.1.7.RELEASE.jar:/Users/joseluiscastillo/.m2/repository/org/springframework/spring-test/5.1.7.RELEASE/spring-test-5.1.7.RELEASE.jar:/Users/joseluiscastillo/.m2/repository/org/xmlunit/xmlunit-core/2.6.2/xmlunit-core-2.6.2.jar:/Users/joseluiscastillo/.m2/repository/org/junit/jupiter/junit-jupiter-api/5.3.2/junit-jupiter-api-5.3.2.jar:/Users/joseluiscastillo/.m2/repository/org/apiguardian/apiguardian-api/1.0.0/apiguardian-api-1.0.0.jar:/Users/joseluiscastillo/.m2/repository/org/opentest4j/opentest4j/1.1.1/opentest4j-1.1.1.jar:/Users/joseluiscastillo/.m2/repository/org/junit/platform/junit-platform-commons/1.3.2/junit-platform-commons-1.3.2.jar:/Users/joseluiscastillo/.m2/repository/org/junit/jupiter/junit-jupiter-engine/5.3.2/junit-jupiter-engine-5.3.2.jar:/Users/joseluiscastillo/.m2/repository/org/junit/platform/junit-platform-engine/1.3.2/junit-platform-engine-1.3.2.jar:/Users/joseluiscastillo/.m2/repository/org/mockito/mockito-junit-jupiter/2.23.4/mockito-junit-jupiter-2.23.4.jar:/Users/joseluiscastillo/.m2/repository/org/hibernate/hibernate-annotations/3.5.6-Final/hibernate-annotations-3.5.6-Final.jar:/Users/joseluiscastillo/.m2/repository/org/hibernate/hibernate-core/5.3.10.Final/hibernate-core-5.3.10.Final.jar:/Users/joseluiscastillo/.m2/repository/javax/persistence/javax.persistence-api/2.2/javax.persistence-api-2.2.jar:/Users/joseluiscastillo/.m2/repository/org/javassist/javassist/3.23.2-GA/javassist-3.23.2-GA.jar:/Users/joseluiscastillo/.m2/repository/antlr/antlr/2.7.7/antlr-2.7.7.jar:/Users/joseluiscastillo/.m2/repository/org/jboss/spec/javax/transaction/jboss-transaction-api_1.2_spec/1.1.1.Final/jboss-transaction-api_1.2_spec-1.1.1.Final.jar:/Users/joseluiscastillo/.m2/repository/org/jboss/jandex/2.0.5.Final/jandex-2.0.5.Final.jar:/Users/joseluiscastillo/.m2/repository/javax/activation/javax.activation-api/1.2.0/javax.activation-api-1.2.0.jar:/Users/joseluiscastillo/.m2/repository/org/dom4j/dom4j/2.1.1/dom4j-2.1.1.jar:/Users/joseluiscastillo/.m2/repository/org/hibernate/common/hibernate-commons-annotations/5.0.4.Final/hibernate-commons-annotations-5.0.4.Final.jar:/Users/joseluiscastillo/.m2/repository/org/hibernate/hibernate-commons-annotations/3.2.0.Final/hibernate-commons-annotations-3.2.0.Final.jar:/Users/joseluiscastillo/.m2/repository/org/hibernate/javax/persistence/hibernate-jpa-2.0-api/1.0.0.Final/hibernate-jpa-2.0-api-1.0.0.Final.jar:/Users/joseluiscastillo/.m2/repository/org/slf4j/slf4j-api/1.7.26/slf4j-api-1.7.26.jar:/Users/joseluiscastillo/.m2/repository/org/springframework/boot/spring-boot-starter-data-jpa/2.1.5.RELEASE/spring-boot-starter-data-jpa-2.1.5.RELEASE.jar:/Users/joseluiscastillo/.m2/repository/org/springframework/boot/spring-boot-starter-aop/2.1.5.RELEASE/spring-boot-starter-aop-2.1.5.RELEASE.jar:/Users/joseluiscastillo/.m2/repository/org/aspectj/aspectjweaver/1.9.4/aspectjweaver-1.9.4.jar:/Users/joseluiscastillo/.m2/repository/org/springframework/boot/spring-boot-starter-jdbc/2.1.5.RELEASE/spring-boot-starter-jdbc-2.1.5.RELEASE.jar:/Users/joseluiscastillo/.m2/repository/com/zaxxer/HikariCP/3.2.0/HikariCP-3.2.0.jar:/Users/joseluiscastillo/.m2/repository/org/springframework/spring-jdbc/5.1.7.RELEASE/spring-jdbc-5.1.7.RELEASE.jar:/Users/joseluiscastillo/.m2/repository/javax/transaction/javax.transaction-api/1.3/javax.transaction-api-1.3.jar:/Users/joseluiscastillo/.m2/repository/javax/xml/bind/jaxb-api/2.3.1/jaxb-api-2.3.1.jar:/Users/joseluiscastillo/.m2/repository/org/springframework/data/spring-data-jpa/2.1.8.RELEASE/spring-data-jpa-2.1.8.RELEASE.jar:/Users/joseluiscastillo/.m2/repository/org/springframework/data/spring-data-commons/2.1.8.RELEASE/spring-data-commons-2.1.8.RELEASE.jar:/Users/joseluiscastillo/.m2/repository/org/springframework/spring-orm/5.1.7.RELEASE/spring-orm-5.1.7.RELEASE.jar:/Users/joseluiscastillo/.m2/repository/org/springframework/spring-tx/5.1.7.RELEASE/spring-tx-5.1.7.RELEASE.jar:/Users/joseluiscastillo/.m2/repository/org/springframework/spring-aspects/5.1.7.RELEASE/spring-aspects-5.1.7.RELEASE.jar:/Users/joseluiscastillo/.m2/repository/org/springframework/restdocs/spring-restdocs-mockmvc/2.0.3.RELEASE/spring-restdocs-mockmvc-2.0.3.RELEASE.jar:/Users/joseluiscastillo/.m2/repository/javax/servlet/javax.servlet-api/4.0.1/javax.servlet-api-4.0.1.jar:/Users/joseluiscastillo/.m2/repository/org/springframework/restdocs/spring-restdocs-core/2.0.3.RELEASE/spring-restdocs-core-2.0.3.RELEASE.jar:"/>
    <property name="sun.cpu.endian" value="little"/>
    <property name="user.home" value="/Users/joseluiscastillo"/>
    <property name="user.language" value="en"/>
    <property name="java.specification.vendor" value="Oracle Corporation"/>
    <property name="java.version.date" value="2022-04-22"/>
    <property name="java.home" value="/Users/joseluiscastillo/Library/Java/JavaVirtualMachines/openjdk-18.0.1.1/Contents/Home"/>
    <property name="file.separator" value="/"/>
    <property name="basedir" value="/Users/joseluiscastillo/Documents/Udemy/SpringBootMicroservicesWithSpringCloudAndDocker/Springframeworkguru/mssc-brewery-client"/>
    <property name="java.vm.compressedOopsMode" value="Zero based"/>
    <property name="line.separator" value="&#10;"/>
    <property name="java.vm.specification.vendor" value="Oracle Corporation"/>
    <property name="java.specification.name" value="Java Platform API Specification"/>
    <property name="apple.awt.application.name" value="ForkedBooter"/>
    <property name="surefire.real.class.path" value="/Users/joseluiscastillo/Documents/Udemy/SpringBootMicroservicesWithSpringCloudAndDocker/Springframeworkguru/mssc-brewery-client/target/surefire/surefirebooter10126230726945350346.jar"/>
    <property name="sun.management.compiler" value="HotSpot 64-Bit Tiered Compilers"/>
    <property name="ftp.nonProxyHosts" value="local|*.local|169.254/16|*.169.254/16"/>
    <property name="java.runtime.version" value="18.0.1.1+2-6"/>
    <property name="user.name" value="joseluiscastillo"/>
    <property name="path.separator" value=":"/>
    <property name="os.version" value="12.7.5"/>
    <property name="java.runtime.name" value="OpenJDK Runtime Environment"/>
    <property name="file.encoding" value="UTF-8"/>
    <property name="java.vm.name" value="OpenJDK 64-Bit Server VM"/>
    <property name="localRepository" value="/Users/joseluiscastillo/.m2/repository"/>
    <property name="java.vendor.url.bug" value="https://bugreport.java.com/bugreport/"/>
    <property name="java.io.tmpdir" value="/var/folders/lz/jzy1lv_n0z1c21r4h02l60tr0000gn/T/"/>
    <property name="idea.version" value="2024.1.2"/>
    <property name="java.version" value="18.0.1.1"/>
    <property name="user.dir" value="/Users/joseluiscastillo/Documents/Udemy/SpringBootMicroservicesWithSpringCloudAndDocker/Springframeworkguru/mssc-brewery-client"/>
    <property name="os.arch" value="x86_64"/>
    <property name="java.vm.specification.name" value="Java Virtual Machine Specification"/>
    <property name="native.encoding" value="UTF-8"/>
    <property name="java.library.path" value="/Users/joseluiscastillo/Library/Java/Extensions:/Library/Java/Extensions:/Network/Library/Java/Extensions:/System/Library/Java/Extensions:/usr/lib/java:."/>
    <property name="java.vm.info" value="mixed mode, sharing"/>
    <property name="java.vendor" value="Oracle Corporation"/>
    <property name="java.vm.version" value="18.0.1.1+2-6"/>
    <property name="sun.io.unicode.encoding" value="UnicodeBig"/>
    <property name="socksNonProxyHosts" value="local|*.local|169.254/16|*.169.254/16"/>
    <property name="java.class.version" value="62.0"/>
  </properties>
  <testcase name="getCustomerById" classname="luis3000.msscbreweryclient.web.client.BreweryClientTest" time="0.079">
    <error message="I/O error on GET request for &quot;http://localhost:8080/api/v1/customer/d7c30972-892c-42a0-9ade-a8c447401a86&quot;: Connect to localhost:8080 [localhost/127.0.0.1, localhost/0:0:0:0:0:0:0:1] failed: Connection refused; nested exception is org.apache.http.conn.HttpHostConnectException: Connect to localhost:8080 [localhost/127.0.0.1, localhost/0:0:0:0:0:0:0:1] failed: Connection refused" type="org.springframework.web.client.ResourceAccessException">org.springframework.web.client.ResourceAccessException: I/O error on GET request for "http://localhost:8080/api/v1/customer/d7c30972-892c-42a0-9ade-a8c447401a86": Connect to localhost:8080 [localhost/127.0.0.1, localhost/0:0:0:0:0:0:0:1] failed: Connection refused; nested exception is org.apache.http.conn.HttpHostConnectException: Connect to localhost:8080 [localhost/127.0.0.1, localhost/0:0:0:0:0:0:0:1] failed: Connection refused
	at luis3000.msscbreweryclient.web.client.BreweryClientTest.getCustomerById(BreweryClientTest.java:57)
Caused by: org.apache.http.conn.HttpHostConnectException: Connect to localhost:8080 [localhost/127.0.0.1, localhost/0:0:0:0:0:0:0:1] failed: Connection refused
	at luis3000.msscbreweryclient.web.client.BreweryClientTest.getCustomerById(BreweryClientTest.java:57)
Caused by: java.net.ConnectException: Connection refused
	at luis3000.msscbreweryclient.web.client.BreweryClientTest.getCustomerById(BreweryClientTest.java:57)
</error>
    <system-out><![CDATA[2024-06-17 17:46:56.038  INFO 4088 --- [           main] .b.t.c.SpringBootTestContextBootstrapper : Neither @ContextConfiguration nor @ContextHierarchy found for test class [luis3000.msscbreweryclient.web.client.BreweryClientTest], using SpringBootContextLoader
2024-06-17 17:46:56.038  INFO 4088 --- [           main] o.s.t.c.support.AbstractContextLoader    : Could not detect default resource locations for test class [luis3000.msscbreweryclient.web.client.BreweryClientTest]: no resource found for suffixes {-context.xml, Context.groovy}.
2024-06-17 17:46:56.038  INFO 4088 --- [           main] t.c.s.AnnotationConfigContextLoaderUtils : Could not detect default configuration classes for test class [luis3000.msscbreweryclient.web.client.BreweryClientTest]: BreweryClientTest does not declare any static, non-private, non-final, nested classes annotated with @Configuration.
2024-06-17 17:46:56.040  INFO 4088 --- [           main] .b.t.c.SpringBootTestContextBootstrapper : Found @SpringBootConfiguration luis3000.msscbreweryclient.MsscBreweryClientApplication for test class luis3000.msscbreweryclient.web.client.BreweryClientTest
2024-06-17 17:46:56.042  INFO 4088 --- [           main] .b.t.c.SpringBootTestContextBootstrapper : Loaded default TestExecutionListener class names from location [META-INF/spring.factories]: [org.springframework.boot.test.mock.mockito.MockitoTestExecutionListener, org.springframework.boot.test.mock.mockito.ResetMocksTestExecutionListener, org.springframework.boot.test.autoconfigure.restdocs.RestDocsTestExecutionListener, org.springframework.boot.test.autoconfigure.web.client.MockRestServiceServerResetTestExecutionListener, org.springframework.boot.test.autoconfigure.web.servlet.MockMvcPrintOnlyOnFailureTestExecutionListener, org.springframework.boot.test.autoconfigure.web.servlet.WebDriverTestExecutionListener, org.springframework.test.context.web.ServletTestExecutionListener, org.springframework.test.context.support.DirtiesContextBeforeModesTestExecutionListener, org.springframework.test.context.support.DependencyInjectionTestExecutionListener, org.springframework.test.context.support.DirtiesContextTestExecutionListener, org.springframework.test.context.transaction.TransactionalTestExecutionListener, org.springframework.test.context.jdbc.SqlScriptsTestExecutionListener]
2024-06-17 17:46:56.043  INFO 4088 --- [           main] .b.t.c.SpringBootTestContextBootstrapper : Using TestExecutionListeners: [org.springframework.test.context.web.ServletTestExecutionListener@58324c9f, org.springframework.test.context.support.DirtiesContextBeforeModesTestExecutionListener@5d7d8613, org.springframework.boot.test.mock.mockito.MockitoTestExecutionListener@6eb089e6, org.springframework.boot.test.autoconfigure.SpringBootDependencyInjectionTestExecutionListener@715a70e9, org.springframework.test.context.support.DirtiesContextTestExecutionListener@3bc69ce9, org.springframework.test.context.transaction.TransactionalTestExecutionListener@abad89c, org.springframework.test.context.jdbc.SqlScriptsTestExecutionListener@602f8f94, org.springframework.boot.test.mock.mockito.ResetMocksTestExecutionListener@42507640, org.springframework.boot.test.autoconfigure.restdocs.RestDocsTestExecutionListener@4dfe8b37, org.springframework.boot.test.autoconfigure.web.client.MockRestServiceServerResetTestExecutionListener@11dcd42c, org.springframework.boot.test.autoconfigure.web.servlet.MockMvcPrintOnlyOnFailureTestExecutionListener@d13baac, org.springframework.boot.test.autoconfigure.web.servlet.WebDriverTestExecutionListener@4c302f38]

  .   ____          _            __ _ _
 /\\ / ___'_ __ _ _(_)_ __  __ _ \ \ \ \
( ( )\___ | '_ | '_| | '_ \/ _` | \ \ \ \
 \\/  ___)| |_)| | | | | || (_| |  ) ) ) )
  '  |____| .__|_| |_|_| |_\__, | / / / /
 =========|_|==============|___/=/_/_/_/
 :: Spring Boot ::        (v2.1.5.RELEASE)

2024-06-17 17:46:56.058  INFO 4088 --- [           main] l.m.web.client.BreweryClientTest         : Starting BreweryClientTest on Joses-MBP.attlocal.net with PID 4088 (started by joseluiscastillo in /Users/joseluiscastillo/Documents/Udemy/SpringBootMicroservicesWithSpringCloudAndDocker/Springframeworkguru/mssc-brewery-client)
2024-06-17 17:46:56.058  INFO 4088 --- [           main] l.m.web.client.BreweryClientTest         : No active profile set, falling back to default profiles: default
2024-06-17 17:46:57.367  INFO 4088 --- [           main] o.s.s.concurrent.ThreadPoolTaskExecutor  : Initializing ExecutorService 'applicationTaskExecutor'
2024-06-17 17:46:57.430 DEBUG 4088 --- [      Finalizer] h.i.c.PoolingHttpClientConnectionManager : Connection manager is shutting down
2024-06-17 17:46:57.431 DEBUG 4088 --- [      Finalizer] h.i.c.PoolingHttpClientConnectionManager : Connection manager shut down
2024-06-17 17:46:57.885  INFO 4088 --- [           main] o.s.b.a.e.web.EndpointLinksResolver      : Exposing 2 endpoint(s) beneath base path '/actuator'
2024-06-17 17:46:57.931  INFO 4088 --- [           main] l.m.web.client.BreweryClientTest         : Started BreweryClientTest in 1.887 seconds (JVM running for 5.008)
2024-06-17 17:46:57.990 DEBUG 4088 --- [           main] o.a.h.client.protocol.RequestAddCookies  : CookieSpec selected: default
2024-06-17 17:46:57.997 DEBUG 4088 --- [           main] o.a.h.client.protocol.RequestAuthCache   : Auth cache not set in the context
2024-06-17 17:46:57.998 DEBUG 4088 --- [           main] h.i.c.PoolingHttpClientConnectionManager : Connection request: [route: {}->http://localhost:8080][total kept alive: 0; route allocated: 0 of 20; total allocated: 0 of 100]
2024-06-17 17:46:58.011 DEBUG 4088 --- [           main] h.i.c.PoolingHttpClientConnectionManager : Connection leased: [id: 0][route: {}->http://localhost:8080][total kept alive: 0; route allocated: 1 of 20; total allocated: 1 of 100]
2024-06-17 17:46:58.012 DEBUG 4088 --- [           main] o.a.http.impl.execchain.MainClientExec   : Opening connection {}->http://localhost:8080
2024-06-17 17:46:58.020 DEBUG 4088 --- [           main] .i.c.DefaultHttpClientConnectionOperator : Connecting to localhost/127.0.0.1:8080
2024-06-17 17:46:58.021 DEBUG 4088 --- [           main] .i.c.DefaultHttpClientConnectionOperator : Connect to localhost/127.0.0.1:8080 timed out. Connection will be retried using another IP address
2024-06-17 17:46:58.021 DEBUG 4088 --- [           main] .i.c.DefaultHttpClientConnectionOperator : Connecting to localhost/[0:0:0:0:0:0:0:1]:8080
2024-06-17 17:46:58.022 DEBUG 4088 --- [           main] h.i.c.DefaultManagedHttpClientConnection : http-outgoing-0: Shutdown connection
2024-06-17 17:46:58.022 DEBUG 4088 --- [           main] o.a.http.impl.execchain.MainClientExec   : Connection discarded
2024-06-17 17:46:58.022 DEBUG 4088 --- [           main] h.i.c.PoolingHttpClientConnectionManager : Connection released: [id: 0][route: {}->http://localhost:8080][total kept alive: 0; route allocated: 0 of 20; total allocated: 0 of 100]
]]></system-out>
  </testcase>
  <testcase name="saveNewBeer" classname="luis3000.msscbreweryclient.web.client.BreweryClientTest" time="0.015">
    <error message="I/O error on POST request for &quot;http://localhost:8080/api/v1/beer/&quot;: Connect to localhost:8080 [localhost/127.0.0.1, localhost/0:0:0:0:0:0:0:1] failed: Connection refused; nested exception is org.apache.http.conn.HttpHostConnectException: Connect to localhost:8080 [localhost/127.0.0.1, localhost/0:0:0:0:0:0:0:1] failed: Connection refused" type="org.springframework.web.client.ResourceAccessException">org.springframework.web.client.ResourceAccessException: I/O error on POST request for "http://localhost:8080/api/v1/beer/": Connect to localhost:8080 [localhost/127.0.0.1, localhost/0:0:0:0:0:0:0:1] failed: Connection refused; nested exception is org.apache.http.conn.HttpHostConnectException: Connect to localhost:8080 [localhost/127.0.0.1, localhost/0:0:0:0:0:0:0:1] failed: Connection refused
	at luis3000.msscbreweryclient.web.client.BreweryClientTest.saveNewBeer(BreweryClientTest.java:34)
Caused by: org.apache.http.conn.HttpHostConnectException: Connect to localhost:8080 [localhost/127.0.0.1, localhost/0:0:0:0:0:0:0:1] failed: Connection refused
	at luis3000.msscbreweryclient.web.client.BreweryClientTest.saveNewBeer(BreweryClientTest.java:34)
Caused by: java.net.ConnectException: Connection refused
	at luis3000.msscbreweryclient.web.client.BreweryClientTest.saveNewBeer(BreweryClientTest.java:34)
</error>
    <system-out><![CDATA[2024-06-17 17:46:58.037 DEBUG 4088 --- [           main] o.a.h.client.protocol.RequestAddCookies  : CookieSpec selected: default
2024-06-17 17:46:58.037 DEBUG 4088 --- [           main] o.a.h.client.protocol.RequestAuthCache   : Auth cache not set in the context
2024-06-17 17:46:58.037 DEBUG 4088 --- [           main] h.i.c.PoolingHttpClientConnectionManager : Connection request: [route: {}->http://localhost:8080][total kept alive: 0; route allocated: 0 of 20; total allocated: 0 of 100]
2024-06-17 17:46:58.038 DEBUG 4088 --- [           main] h.i.c.PoolingHttpClientConnectionManager : Connection leased: [id: 1][route: {}->http://localhost:8080][total kept alive: 0; route allocated: 1 of 20; total allocated: 1 of 100]
2024-06-17 17:46:58.038 DEBUG 4088 --- [           main] o.a.http.impl.execchain.MainClientExec   : Opening connection {}->http://localhost:8080
2024-06-17 17:46:58.038 DEBUG 4088 --- [           main] .i.c.DefaultHttpClientConnectionOperator : Connecting to localhost/127.0.0.1:8080
2024-06-17 17:46:58.038 DEBUG 4088 --- [           main] .i.c.DefaultHttpClientConnectionOperator : Connect to localhost/127.0.0.1:8080 timed out. Connection will be retried using another IP address
2024-06-17 17:46:58.038 DEBUG 4088 --- [           main] .i.c.DefaultHttpClientConnectionOperator : Connecting to localhost/[0:0:0:0:0:0:0:1]:8080
2024-06-17 17:46:58.039 DEBUG 4088 --- [           main] h.i.c.DefaultManagedHttpClientConnection : http-outgoing-1: Shutdown connection
2024-06-17 17:46:58.039 DEBUG 4088 --- [           main] o.a.http.impl.execchain.MainClientExec   : Connection discarded
2024-06-17 17:46:58.039 DEBUG 4088 --- [           main] h.i.c.PoolingHttpClientConnectionManager : Connection released: [id: 1][route: {}->http://localhost:8080][total kept alive: 0; route allocated: 0 of 20; total allocated: 0 of 100]
]]></system-out>
  </testcase>
  <testcase name="testUpdateBeer" classname="luis3000.msscbreweryclient.web.client.BreweryClientTest" time="0.007">
    <error message="I/O error on PUT request for &quot;http://localhost:8080/api/v1/beer/ef35f8b4-a1b3-491c-a77d-5b9261c24fa6&quot;: Connect to localhost:8080 [localhost/127.0.0.1, localhost/0:0:0:0:0:0:0:1] failed: Connection refused; nested exception is org.apache.http.conn.HttpHostConnectException: Connect to localhost:8080 [localhost/127.0.0.1, localhost/0:0:0:0:0:0:0:1] failed: Connection refused" type="org.springframework.web.client.ResourceAccessException">org.springframework.web.client.ResourceAccessException: I/O error on PUT request for "http://localhost:8080/api/v1/beer/ef35f8b4-a1b3-491c-a77d-5b9261c24fa6": Connect to localhost:8080 [localhost/127.0.0.1, localhost/0:0:0:0:0:0:0:1] failed: Connection refused; nested exception is org.apache.http.conn.HttpHostConnectException: Connect to localhost:8080 [localhost/127.0.0.1, localhost/0:0:0:0:0:0:0:1] failed: Connection refused
	at luis3000.msscbreweryclient.web.client.BreweryClientTest.testUpdateBeer(BreweryClientTest.java:43)
Caused by: org.apache.http.conn.HttpHostConnectException: Connect to localhost:8080 [localhost/127.0.0.1, localhost/0:0:0:0:0:0:0:1] failed: Connection refused
	at luis3000.msscbreweryclient.web.client.BreweryClientTest.testUpdateBeer(BreweryClientTest.java:43)
Caused by: java.net.ConnectException: Connection refused
	at luis3000.msscbreweryclient.web.client.BreweryClientTest.testUpdateBeer(BreweryClientTest.java:43)
</error>
    <system-out><![CDATA[2024-06-17 17:46:58.044 DEBUG 4088 --- [           main] o.a.h.client.protocol.RequestAddCookies  : CookieSpec selected: default
2024-06-17 17:46:58.044 DEBUG 4088 --- [           main] o.a.h.client.protocol.RequestAuthCache   : Auth cache not set in the context
2024-06-17 17:46:58.044 DEBUG 4088 --- [           main] h.i.c.PoolingHttpClientConnectionManager : Connection request: [route: {}->http://localhost:8080][total kept alive: 0; route allocated: 0 of 20; total allocated: 0 of 100]
2024-06-17 17:46:58.045 DEBUG 4088 --- [           main] h.i.c.PoolingHttpClientConnectionManager : Connection leased: [id: 2][route: {}->http://localhost:8080][total kept alive: 0; route allocated: 1 of 20; total allocated: 1 of 100]
2024-06-17 17:46:58.045 DEBUG 4088 --- [           main] o.a.http.impl.execchain.MainClientExec   : Opening connection {}->http://localhost:8080
2024-06-17 17:46:58.045 DEBUG 4088 --- [           main] .i.c.DefaultHttpClientConnectionOperator : Connecting to localhost/127.0.0.1:8080
2024-06-17 17:46:58.045 DEBUG 4088 --- [           main] .i.c.DefaultHttpClientConnectionOperator : Connect to localhost/127.0.0.1:8080 timed out. Connection will be retried using another IP address
2024-06-17 17:46:58.045 DEBUG 4088 --- [           main] .i.c.DefaultHttpClientConnectionOperator : Connecting to localhost/[0:0:0:0:0:0:0:1]:8080
2024-06-17 17:46:58.046 DEBUG 4088 --- [           main] h.i.c.DefaultManagedHttpClientConnection : http-outgoing-2: Shutdown connection
2024-06-17 17:46:58.046 DEBUG 4088 --- [           main] o.a.http.impl.execchain.MainClientExec   : Connection discarded
2024-06-17 17:46:58.046 DEBUG 4088 --- [           main] h.i.c.PoolingHttpClientConnectionManager : Connection released: [id: 2][route: {}->http://localhost:8080][total kept alive: 0; route allocated: 0 of 20; total allocated: 0 of 100]
]]></system-out>
  </testcase>
  <testcase name="getBeerById" classname="luis3000.msscbreweryclient.web.client.BreweryClientTest" time="0.01">
    <error message="I/O error on GET request for &quot;http://localhost:8080/api/v1/beer/b8eb290c-66f8-41a9-8e7c-4e51c7fc5a8d&quot;: Connect to localhost:8080 [localhost/127.0.0.1, localhost/0:0:0:0:0:0:0:1] failed: Connection refused; nested exception is org.apache.http.conn.HttpHostConnectException: Connect to localhost:8080 [localhost/127.0.0.1, localhost/0:0:0:0:0:0:0:1] failed: Connection refused" type="org.springframework.web.client.ResourceAccessException">org.springframework.web.client.ResourceAccessException: I/O error on GET request for "http://localhost:8080/api/v1/beer/b8eb290c-66f8-41a9-8e7c-4e51c7fc5a8d": Connect to localhost:8080 [localhost/127.0.0.1, localhost/0:0:0:0:0:0:0:1] failed: Connection refused; nested exception is org.apache.http.conn.HttpHostConnectException: Connect to localhost:8080 [localhost/127.0.0.1, localhost/0:0:0:0:0:0:0:1] failed: Connection refused
	at luis3000.msscbreweryclient.web.client.BreweryClientTest.getBeerById(BreweryClientTest.java:25)
Caused by: org.apache.http.conn.HttpHostConnectException: Connect to localhost:8080 [localhost/127.0.0.1, localhost/0:0:0:0:0:0:0:1] failed: Connection refused
	at luis3000.msscbreweryclient.web.client.BreweryClientTest.getBeerById(BreweryClientTest.java:25)
Caused by: java.net.ConnectException: Connection refused
	at luis3000.msscbreweryclient.web.client.BreweryClientTest.getBeerById(BreweryClientTest.java:25)
</error>
    <system-out><![CDATA[2024-06-17 17:46:58.055 DEBUG 4088 --- [           main] o.a.h.client.protocol.RequestAddCookies  : CookieSpec selected: default
2024-06-17 17:46:58.055 DEBUG 4088 --- [           main] o.a.h.client.protocol.RequestAuthCache   : Auth cache not set in the context
2024-06-17 17:46:58.055 DEBUG 4088 --- [           main] h.i.c.PoolingHttpClientConnectionManager : Connection request: [route: {}->http://localhost:8080][total kept alive: 0; route allocated: 0 of 20; total allocated: 0 of 100]
2024-06-17 17:46:58.055 DEBUG 4088 --- [           main] h.i.c.PoolingHttpClientConnectionManager : Connection leased: [id: 3][route: {}->http://localhost:8080][total kept alive: 0; route allocated: 1 of 20; total allocated: 1 of 100]
2024-06-17 17:46:58.055 DEBUG 4088 --- [           main] o.a.http.impl.execchain.MainClientExec   : Opening connection {}->http://localhost:8080
2024-06-17 17:46:58.056 DEBUG 4088 --- [           main] .i.c.DefaultHttpClientConnectionOperator : Connecting to localhost/127.0.0.1:8080
2024-06-17 17:46:58.056 DEBUG 4088 --- [           main] .i.c.DefaultHttpClientConnectionOperator : Connect to localhost/127.0.0.1:8080 timed out. Connection will be retried using another IP address
2024-06-17 17:46:58.056 DEBUG 4088 --- [           main] .i.c.DefaultHttpClientConnectionOperator : Connecting to localhost/[0:0:0:0:0:0:0:1]:8080
2024-06-17 17:46:58.057 DEBUG 4088 --- [           main] h.i.c.DefaultManagedHttpClientConnection : http-outgoing-3: Shutdown connection
2024-06-17 17:46:58.057 DEBUG 4088 --- [           main] o.a.http.impl.execchain.MainClientExec   : Connection discarded
2024-06-17 17:46:58.057 DEBUG 4088 --- [           main] h.i.c.PoolingHttpClientConnectionManager : Connection released: [id: 3][route: {}->http://localhost:8080][total kept alive: 0; route allocated: 0 of 20; total allocated: 0 of 100]
]]></system-out>
  </testcase>
  <testcase name="testUpdateCustomer" classname="luis3000.msscbreweryclient.web.client.BreweryClientTest" time="0.006">
    <error message="I/O error on PUT request for &quot;http://localhost:8080/api/v1/customer/5505f4f3-dd88-4eda-93b9-7878df175d8f&quot;: Connect to localhost:8080 [localhost/127.0.0.1, localhost/0:0:0:0:0:0:0:1] failed: Connection refused; nested exception is org.apache.http.conn.HttpHostConnectException: Connect to localhost:8080 [localhost/127.0.0.1, localhost/0:0:0:0:0:0:0:1] failed: Connection refused" type="org.springframework.web.client.ResourceAccessException">org.springframework.web.client.ResourceAccessException: I/O error on PUT request for "http://localhost:8080/api/v1/customer/5505f4f3-dd88-4eda-93b9-7878df175d8f": Connect to localhost:8080 [localhost/127.0.0.1, localhost/0:0:0:0:0:0:0:1] failed: Connection refused; nested exception is org.apache.http.conn.HttpHostConnectException: Connect to localhost:8080 [localhost/127.0.0.1, localhost/0:0:0:0:0:0:0:1] failed: Connection refused
	at luis3000.msscbreweryclient.web.client.BreweryClientTest.testUpdateCustomer(BreweryClientTest.java:78)
Caused by: org.apache.http.conn.HttpHostConnectException: Connect to localhost:8080 [localhost/127.0.0.1, localhost/0:0:0:0:0:0:0:1] failed: Connection refused
	at luis3000.msscbreweryclient.web.client.BreweryClientTest.testUpdateCustomer(BreweryClientTest.java:78)
Caused by: java.net.ConnectException: Connection refused
	at luis3000.msscbreweryclient.web.client.BreweryClientTest.testUpdateCustomer(BreweryClientTest.java:78)
</error>
    <system-out><![CDATA[2024-06-17 17:46:58.062 DEBUG 4088 --- [           main] o.a.h.client.protocol.RequestAddCookies  : CookieSpec selected: default
2024-06-17 17:46:58.062 DEBUG 4088 --- [           main] o.a.h.client.protocol.RequestAuthCache   : Auth cache not set in the context
2024-06-17 17:46:58.062 DEBUG 4088 --- [           main] h.i.c.PoolingHttpClientConnectionManager : Connection request: [route: {}->http://localhost:8080][total kept alive: 0; route allocated: 0 of 20; total allocated: 0 of 100]
2024-06-17 17:46:58.062 DEBUG 4088 --- [           main] h.i.c.PoolingHttpClientConnectionManager : Connection leased: [id: 4][route: {}->http://localhost:8080][total kept alive: 0; route allocated: 1 of 20; total allocated: 1 of 100]
2024-06-17 17:46:58.062 DEBUG 4088 --- [           main] o.a.http.impl.execchain.MainClientExec   : Opening connection {}->http://localhost:8080
2024-06-17 17:46:58.062 DEBUG 4088 --- [           main] .i.c.DefaultHttpClientConnectionOperator : Connecting to localhost/127.0.0.1:8080
2024-06-17 17:46:58.063 DEBUG 4088 --- [           main] .i.c.DefaultHttpClientConnectionOperator : Connect to localhost/127.0.0.1:8080 timed out. Connection will be retried using another IP address
2024-06-17 17:46:58.063 DEBUG 4088 --- [           main] .i.c.DefaultHttpClientConnectionOperator : Connecting to localhost/[0:0:0:0:0:0:0:1]:8080
2024-06-17 17:46:58.063 DEBUG 4088 --- [           main] h.i.c.DefaultManagedHttpClientConnection : http-outgoing-4: Shutdown connection
2024-06-17 17:46:58.063 DEBUG 4088 --- [           main] o.a.http.impl.execchain.MainClientExec   : Connection discarded
2024-06-17 17:46:58.063 DEBUG 4088 --- [           main] h.i.c.PoolingHttpClientConnectionManager : Connection released: [id: 4][route: {}->http://localhost:8080][total kept alive: 0; route allocated: 0 of 20; total allocated: 0 of 100]
]]></system-out>
  </testcase>
  <testcase name="testSavedNewCustomer" classname="luis3000.msscbreweryclient.web.client.BreweryClientTest" time="0.005">
    <error message="I/O error on POST request for &quot;http://localhost:8080/api/v1/customer/&quot;: Connect to localhost:8080 [localhost/127.0.0.1, localhost/0:0:0:0:0:0:0:1] failed: Connection refused; nested exception is org.apache.http.conn.HttpHostConnectException: Connect to localhost:8080 [localhost/127.0.0.1, localhost/0:0:0:0:0:0:0:1] failed: Connection refused" type="org.springframework.web.client.ResourceAccessException">org.springframework.web.client.ResourceAccessException: I/O error on POST request for "http://localhost:8080/api/v1/customer/": Connect to localhost:8080 [localhost/127.0.0.1, localhost/0:0:0:0:0:0:0:1] failed: Connection refused; nested exception is org.apache.http.conn.HttpHostConnectException: Connect to localhost:8080 [localhost/127.0.0.1, localhost/0:0:0:0:0:0:0:1] failed: Connection refused
	at luis3000.msscbreweryclient.web.client.BreweryClientTest.testSavedNewCustomer(BreweryClientTest.java:66)
Caused by: org.apache.http.conn.HttpHostConnectException: Connect to localhost:8080 [localhost/127.0.0.1, localhost/0:0:0:0:0:0:0:1] failed: Connection refused
	at luis3000.msscbreweryclient.web.client.BreweryClientTest.testSavedNewCustomer(BreweryClientTest.java:66)
Caused by: java.net.ConnectException: Connection refused
	at luis3000.msscbreweryclient.web.client.BreweryClientTest.testSavedNewCustomer(BreweryClientTest.java:66)
</error>
    <system-out><![CDATA[2024-06-17 17:46:58.067 DEBUG 4088 --- [           main] o.a.h.client.protocol.RequestAddCookies  : CookieSpec selected: default
2024-06-17 17:46:58.067 DEBUG 4088 --- [           main] o.a.h.client.protocol.RequestAuthCache   : Auth cache not set in the context
2024-06-17 17:46:58.067 DEBUG 4088 --- [           main] h.i.c.PoolingHttpClientConnectionManager : Connection request: [route: {}->http://localhost:8080][total kept alive: 0; route allocated: 0 of 20; total allocated: 0 of 100]
2024-06-17 17:46:58.067 DEBUG 4088 --- [           main] h.i.c.PoolingHttpClientConnectionManager : Connection leased: [id: 5][route: {}->http://localhost:8080][total kept alive: 0; route allocated: 1 of 20; total allocated: 1 of 100]
2024-06-17 17:46:58.067 DEBUG 4088 --- [           main] o.a.http.impl.execchain.MainClientExec   : Opening connection {}->http://localhost:8080
2024-06-17 17:46:58.068 DEBUG 4088 --- [           main] .i.c.DefaultHttpClientConnectionOperator : Connecting to localhost/127.0.0.1:8080
2024-06-17 17:46:58.068 DEBUG 4088 --- [           main] .i.c.DefaultHttpClientConnectionOperator : Connect to localhost/127.0.0.1:8080 timed out. Connection will be retried using another IP address
2024-06-17 17:46:58.068 DEBUG 4088 --- [           main] .i.c.DefaultHttpClientConnectionOperator : Connecting to localhost/[0:0:0:0:0:0:0:1]:8080
2024-06-17 17:46:58.069 DEBUG 4088 --- [           main] h.i.c.DefaultManagedHttpClientConnection : http-outgoing-5: Shutdown connection
2024-06-17 17:46:58.069 DEBUG 4088 --- [           main] o.a.http.impl.execchain.MainClientExec   : Connection discarded
2024-06-17 17:46:58.069 DEBUG 4088 --- [           main] h.i.c.PoolingHttpClientConnectionManager : Connection released: [id: 5][route: {}->http://localhost:8080][total kept alive: 0; route allocated: 0 of 20; total allocated: 0 of 100]
]]></system-out>
  </testcase>
  <testcase name="testDeleteBeer" classname="luis3000.msscbreweryclient.web.client.BreweryClientTest" time="0.006">
    <error message="I/O error on DELETE request for &quot;http://localhost:8080/api/v1/beer/e3b1eb2b-445c-4aff-97c5-09dc72d04b8b&quot;: Connect to localhost:8080 [localhost/127.0.0.1, localhost/0:0:0:0:0:0:0:1] failed: Connection refused; nested exception is org.apache.http.conn.HttpHostConnectException: Connect to localhost:8080 [localhost/127.0.0.1, localhost/0:0:0:0:0:0:0:1] failed: Connection refused" type="org.springframework.web.client.ResourceAccessException">org.springframework.web.client.ResourceAccessException: I/O error on DELETE request for "http://localhost:8080/api/v1/beer/e3b1eb2b-445c-4aff-97c5-09dc72d04b8b": Connect to localhost:8080 [localhost/127.0.0.1, localhost/0:0:0:0:0:0:0:1] failed: Connection refused; nested exception is org.apache.http.conn.HttpHostConnectException: Connect to localhost:8080 [localhost/127.0.0.1, localhost/0:0:0:0:0:0:0:1] failed: Connection refused
	at luis3000.msscbreweryclient.web.client.BreweryClientTest.testDeleteBeer(BreweryClientTest.java:48)
Caused by: org.apache.http.conn.HttpHostConnectException: Connect to localhost:8080 [localhost/127.0.0.1, localhost/0:0:0:0:0:0:0:1] failed: Connection refused
	at luis3000.msscbreweryclient.web.client.BreweryClientTest.testDeleteBeer(BreweryClientTest.java:48)
Caused by: java.net.ConnectException: Connection refused
	at luis3000.msscbreweryclient.web.client.BreweryClientTest.testDeleteBeer(BreweryClientTest.java:48)
</error>
    <system-out><![CDATA[2024-06-17 17:46:58.073 DEBUG 4088 --- [           main] o.a.h.client.protocol.RequestAddCookies  : CookieSpec selected: default
2024-06-17 17:46:58.073 DEBUG 4088 --- [           main] o.a.h.client.protocol.RequestAuthCache   : Auth cache not set in the context
2024-06-17 17:46:58.073 DEBUG 4088 --- [           main] h.i.c.PoolingHttpClientConnectionManager : Connection request: [route: {}->http://localhost:8080][total kept alive: 0; route allocated: 0 of 20; total allocated: 0 of 100]
2024-06-17 17:46:58.073 DEBUG 4088 --- [           main] h.i.c.PoolingHttpClientConnectionManager : Connection leased: [id: 6][route: {}->http://localhost:8080][total kept alive: 0; route allocated: 1 of 20; total allocated: 1 of 100]
2024-06-17 17:46:58.073 DEBUG 4088 --- [           main] o.a.http.impl.execchain.MainClientExec   : Opening connection {}->http://localhost:8080
2024-06-17 17:46:58.073 DEBUG 4088 --- [           main] .i.c.DefaultHttpClientConnectionOperator : Connecting to localhost/127.0.0.1:8080
2024-06-17 17:46:58.074 DEBUG 4088 --- [           main] .i.c.DefaultHttpClientConnectionOperator : Connect to localhost/127.0.0.1:8080 timed out. Connection will be retried using another IP address
2024-06-17 17:46:58.074 DEBUG 4088 --- [           main] .i.c.DefaultHttpClientConnectionOperator : Connecting to localhost/[0:0:0:0:0:0:0:1]:8080
2024-06-17 17:46:58.074 DEBUG 4088 --- [           main] h.i.c.DefaultManagedHttpClientConnection : http-outgoing-6: Shutdown connection
2024-06-17 17:46:58.074 DEBUG 4088 --- [           main] o.a.http.impl.execchain.MainClientExec   : Connection discarded
2024-06-17 17:46:58.074 DEBUG 4088 --- [           main] h.i.c.PoolingHttpClientConnectionManager : Connection released: [id: 6][route: {}->http://localhost:8080][total kept alive: 0; route allocated: 0 of 20; total allocated: 0 of 100]
]]></system-out>
  </testcase>
  <testcase name="testDeleteCustomer" classname="luis3000.msscbreweryclient.web.client.BreweryClientTest" time="0.005">
    <error message="I/O error on DELETE request for &quot;http://localhost:8080/api/v1/beer/4321f6d2-f874-4d9d-8c45-3d2605a4711d&quot;: Connect to localhost:8080 [localhost/127.0.0.1, localhost/0:0:0:0:0:0:0:1] failed: Connection refused; nested exception is org.apache.http.conn.HttpHostConnectException: Connect to localhost:8080 [localhost/127.0.0.1, localhost/0:0:0:0:0:0:0:1] failed: Connection refused" type="org.springframework.web.client.ResourceAccessException">org.springframework.web.client.ResourceAccessException: I/O error on DELETE request for "http://localhost:8080/api/v1/beer/4321f6d2-f874-4d9d-8c45-3d2605a4711d": Connect to localhost:8080 [localhost/127.0.0.1, localhost/0:0:0:0:0:0:0:1] failed: Connection refused; nested exception is org.apache.http.conn.HttpHostConnectException: Connect to localhost:8080 [localhost/127.0.0.1, localhost/0:0:0:0:0:0:0:1] failed: Connection refused
	at luis3000.msscbreweryclient.web.client.BreweryClientTest.testDeleteCustomer(BreweryClientTest.java:83)
Caused by: org.apache.http.conn.HttpHostConnectException: Connect to localhost:8080 [localhost/127.0.0.1, localhost/0:0:0:0:0:0:0:1] failed: Connection refused
	at luis3000.msscbreweryclient.web.client.BreweryClientTest.testDeleteCustomer(BreweryClientTest.java:83)
Caused by: java.net.ConnectException: Connection refused
	at luis3000.msscbreweryclient.web.client.BreweryClientTest.testDeleteCustomer(BreweryClientTest.java:83)
</error>
    <system-out><![CDATA[2024-06-17 17:46:58.080 DEBUG 4088 --- [           main] o.a.h.client.protocol.RequestAddCookies  : CookieSpec selected: default
2024-06-17 17:46:58.080 DEBUG 4088 --- [           main] o.a.h.client.protocol.RequestAuthCache   : Auth cache not set in the context
2024-06-17 17:46:58.080 DEBUG 4088 --- [           main] h.i.c.PoolingHttpClientConnectionManager : Connection request: [route: {}->http://localhost:8080][total kept alive: 0; route allocated: 0 of 20; total allocated: 0 of 100]
2024-06-17 17:46:58.080 DEBUG 4088 --- [           main] h.i.c.PoolingHttpClientConnectionManager : Connection leased: [id: 7][route: {}->http://localhost:8080][total kept alive: 0; route allocated: 1 of 20; total allocated: 1 of 100]
2024-06-17 17:46:58.080 DEBUG 4088 --- [           main] o.a.http.impl.execchain.MainClientExec   : Opening connection {}->http://localhost:8080
2024-06-17 17:46:58.080 DEBUG 4088 --- [           main] .i.c.DefaultHttpClientConnectionOperator : Connecting to localhost/127.0.0.1:8080
2024-06-17 17:46:58.081 DEBUG 4088 --- [           main] .i.c.DefaultHttpClientConnectionOperator : Connect to localhost/127.0.0.1:8080 timed out. Connection will be retried using another IP address
2024-06-17 17:46:58.081 DEBUG 4088 --- [           main] .i.c.DefaultHttpClientConnectionOperator : Connecting to localhost/[0:0:0:0:0:0:0:1]:8080
2024-06-17 17:46:58.081 DEBUG 4088 --- [           main] h.i.c.DefaultManagedHttpClientConnection : http-outgoing-7: Shutdown connection
2024-06-17 17:46:58.081 DEBUG 4088 --- [           main] o.a.http.impl.execchain.MainClientExec   : Connection discarded
2024-06-17 17:46:58.081 DEBUG 4088 --- [           main] h.i.c.PoolingHttpClientConnectionManager : Connection released: [id: 7][route: {}->http://localhost:8080][total kept alive: 0; route allocated: 0 of 20; total allocated: 0 of 100]
]]></system-out>
  </testcase>
</testsuite>